0 info it worked if it ends with ok
1 verbose cli [ 'C:\\Program Files\\nodejs\\node.exe',
1 verbose cli   'C:\\Program Files\\nodejs\\node_modules\\npm\\bin\\npm-cli.js',
1 verbose cli   'start' ]
2 info using npm@4.0.5
3 info using node@v7.4.0
4 verbose run-script [ 'prestart', 'start', 'poststart' ]
5 info lifecycle lpsil-web@0.0.1~prestart: lpsil-web@0.0.1
6 silly lifecycle lpsil-web@0.0.1~prestart: no script for prestart, continuing
7 info lifecycle lpsil-web@0.0.1~start: lpsil-web@0.0.1
8 verbose lifecycle lpsil-web@0.0.1~start: unsafe-perm in lifecycle true
9 verbose lifecycle lpsil-web@0.0.1~start: PATH: C:\Program Files\nodejs\node_modules\npm\bin\node-gyp-bin;C:\Users\Adrien\Documents\GitHub\web-semantique\lpsil-web\node_modules\.bin;C:\Program Files (x86)\EasyPHP-DevServer-14.1VC9\binaries\php\php_runningversion;C:\ProgramData\Oracle\Java\javapath;C:\Python27\;C:\Program Files (x86)\Intel\iCLS Client\;C:\Program Files\Intel\iCLS Client\;C:\WINDOWS\system32;C:\WINDOWS;C:\WINDOWS\System32\Wbem;C:\WINDOWS\System32\WindowsPowerShell\v1.0\;C:\Program Files\Intel\Intel(R) Management Engine Components\DAL;C:\Program Files\Intel\Intel(R) Management Engine Components\IPT;C:\Program Files (x86)\Intel\Intel(R) Management Engine Components\DAL;C:\Program Files (x86)\Intel\Intel(R) Management Engine Components\IPT;C:\Program Files (x86)\WinSCP\;C:\HashiCorp\Vagrant\bin;C:\Program Files\TortoiseGit\bin;C:\Program Files (x86)\Skype\Phone\;C:\Program Files\Microsoft SQL Server\110\Tools\Binn\;C:\Program Files (x86)\Windows Kits\8.1\Windows Performance Toolkit\;C:\Program Files\Git\cmd;C:\WINDOWS\system32\config\systemprofile\.dnx\bin;C:\Program Files\Microsoft DNX\Dnvm\;C:\Program Files\Microsoft SQL Server\130\Tools\Binn\;C:\Program Files (x86)\BaseX\bin;C:\Program Files\apache-maven-3.3.9\bin;C:\Program Files\nodejs\;C:\Users\Adrien\AppData\Local\Microsoft\WindowsApps;C:\Program Files\apache-maven-3.3.9\bin;C:\Users\Adrien\AppData\Roaming\npm
10 verbose lifecycle lpsil-web@0.0.1~start: CWD: C:\Users\Adrien\Documents\GitHub\web-semantique\lpsil-web
11 silly lifecycle lpsil-web@0.0.1~start: Args: [ '/d /s /c',
11 silly lifecycle   'node ./node_modules/nodemon/bin/nodemon.js server.js' ]
12 silly lifecycle lpsil-web@0.0.1~start: Returned: code: 3221225786  signal: null
13 info lifecycle lpsil-web@0.0.1~start: Failed to exec start script
14 verbose stack Error: lpsil-web@0.0.1 start: `node ./node_modules/nodemon/bin/nodemon.js server.js`
14 verbose stack Exit status 3221225786
14 verbose stack     at EventEmitter.<anonymous> (C:\Program Files\nodejs\node_modules\npm\lib\utils\lifecycle.js:279:16)
14 verbose stack     at emitTwo (events.js:106:13)
14 verbose stack     at EventEmitter.emit (events.js:191:7)
14 verbose stack     at ChildProcess.<anonymous> (C:\Program Files\nodejs\node_modules\npm\lib\utils\spawn.js:40:14)
14 verbose stack     at emitTwo (events.js:106:13)
14 verbose stack     at ChildProcess.emit (events.js:191:7)
14 verbose stack     at maybeClose (internal/child_process.js:885:16)
14 verbose stack     at Process.ChildProcess._handle.onexit (internal/child_process.js:226:5)
15 verbose pkgid lpsil-web@0.0.1
16 verbose cwd C:\Users\Adrien\Documents\GitHub\web-semantique\lpsil-web
17 error Windows_NT 10.0.14393
18 error argv "C:\\Program Files\\nodejs\\node.exe" "C:\\Program Files\\nodejs\\node_modules\\npm\\bin\\npm-cli.js" "start"
19 error node v7.4.0
20 error npm  v4.0.5
21 error code ELIFECYCLE
22 error lpsil-web@0.0.1 start: `node ./node_modules/nodemon/bin/nodemon.js server.js`
22 error Exit status 3221225786
23 error Failed at the lpsil-web@0.0.1 start script 'node ./node_modules/nodemon/bin/nodemon.js server.js'.
23 error Make sure you have the latest version of node.js and npm installed.
23 error If you do, this is most likely a problem with the lpsil-web package,
23 error not with npm itself.
23 error Tell the author that this fails on your system:
23 error     node ./node_modules/nodemon/bin/nodemon.js server.js
23 error You can get information on how to open an issue for this project with:
23 error     npm bugs lpsil-web
23 error Or if that isn't available, you can get their info via:
23 error     npm owner ls lpsil-web
23 error There is likely additional logging output above.
24 verbose exit [ 1, true ]
